common/build/intermediates/manifest_merge_blame_file/debug/manifest-merger-blame-debug-report.txt
1<?xml version="1.0" encoding="utf-8"?>
2<!--
3  ~ Copyright (c) 2015, Nordic Semiconductor
4  ~ All rights reserved.
5  ~
6  ~ Redistribution and use in source and binary forms, with or without modification, are permitted provided that the following conditions are met:
7  ~
8  ~ 1. Redistributions of source code must retain the above copyright notice, this list of conditions and the following disclaimer.
9  ~
10  ~ 2. Redistributions in binary form must reproduce the above copyright notice, this list of conditions and the following disclaimer in the
11  ~ documentation and/or other materials provided with the distribution.
12  ~
13  ~ 3. Neither the name of the copyright holder nor the names of its contributors may be used to endorse or promote products derived from this
14  ~ software without specific prior written permission.
15  ~
16  ~ THIS SOFTWARE IS PROVIDED BY THE COPYRIGHT HOLDERS AND CONTRIBUTORS "AS IS" AND ANY EXPRESS OR IMPLIED WARRANTIES, INCLUDING, BUT NOT
17  ~ LIMITED TO, THE IMPLIED WARRANTIES OF MERCHANTABILITY AND FITNESS FOR A PARTICULAR PURPOSE ARE DISCLAIMED. IN NO EVENT SHALL THE COPYRIGHT
18  ~ HOLDER OR CONTRIBUTORS BE LIABLE FOR ANY DIRECT, INDIRECT, INCIDENTAL, SPECIAL, EXEMPLARY, OR CONSEQUENTIAL DAMAGES (INCLUDING, BUT NOT
19  ~ LIMITED TO, PROCUREMENT OF SUBSTITUTE GOODS OR SERVICES; LOSS OF USE, DATA, OR PROFITS; OR BUSINESS INTERRUPTION) HOWEVER CAUSED AND ON
20  ~ ANY THEORY OF LIABILITY, WHETHER IN CONTRACT, STRICT LIABILITY, OR TORT (INCLUDING NEGLIGENCE OR OTHERWISE) ARISING IN ANY WAY OUT OF THE
21  ~ USE OF THIS SOFTWARE, EVEN IF ADVISED OF THE POSSIBILITY OF SUCH DAMAGE.
22-->
23<manifest xmlns:android="http://schemas.android.com/apk/res/android"
24    package="no.nordicsemi.android.nrftoolbox.common"
25    android:versionCode="1"
26    android:versionName="1.0" >
27
28    <uses-sdk
29        android:minSdkVersion="18"
29-->src/main/AndroidManifest.xml
30        android:targetSdkVersion="29" />
30-->src/main/AndroidManifest.xml
31
32</manifest>